Using pre-set license
Built from '2021.3/staging' branch; Version is '2021.3.9f1 (ad3870b89536) revision 11352176'; Using compiler version '192829333'; Build Type 'Release'
OS: 'Windows 10  (10.0.19043) 64bit Core' Language: 'en' Physical Memory: 12055 MB
BatchMode: 1, IsHumanControllingUs: 0, StartBugReporterOnCrash: 0, Is64bit: 1, IsPro: 1

COMMAND LINE ARGUMENTS:
C:\Program Files\Unity\Hub\Editor\2021.3.9f1\Editor\Unity.exe
-adb2
-batchMode
-noUpm
-name
AssetImportWorker0
-projectPath
C:/Users/Galad/OneDrive/Desktop/GitHub/schoolwork_/KirbiDeathRun/KirbiDR
-logFile
Logs/AssetImportWorker0.log
-srvPort
64080
Successfully changed project path to: C:/Users/Galad/OneDrive/Desktop/GitHub/schoolwork_/KirbiDeathRun/KirbiDR
C:/Users/Galad/OneDrive/Desktop/GitHub/schoolwork_/KirbiDeathRun/KirbiDR
[UnityMemory] Configuration Parameters - Can be set up in boot.config
    "memorysetup-bucket-allocator-granularity=16"
    "memorysetup-bucket-allocator-bucket-count=8"
    "memorysetup-bucket-allocator-block-size=33554432"
    "memorysetup-bucket-allocator-block-count=8"
    "memorysetup-main-allocator-block-size=16777216"
    "memorysetup-thread-allocator-block-size=16777216"
    "memorysetup-gfx-main-allocator-block-size=16777216"
    "memorysetup-gfx-thread-allocator-block-size=16777216"
    "memorysetup-cache-allocator-block-size=4194304"
    "memorysetup-typetree-allocator-block-size=2097152"
    "memorysetup-profiler-bucket-allocator-granularity=16"
    "memorysetup-profiler-bucket-allocator-bucket-count=8"
    "memorysetup-profiler-bucket-allocator-block-size=33554432"
    "memorysetup-profiler-bucket-allocator-block-count=8"
    "memorysetup-profiler-allocator-block-size=16777216"
    "memorysetup-profiler-editor-allocator-block-size=1048576"
    "memorysetup-temp-allocator-size-main=16777216"
    "memorysetup-job-temp-allocator-block-size=2097152"
    "memorysetup-job-temp-allocator-block-size-background=1048576"
    "memorysetup-job-temp-allocator-reduction-small-platforms=262144"
    "memorysetup-temp-allocator-size-background-worker=32768"
    "memorysetup-temp-allocator-size-job-worker=262144"
    "memorysetup-temp-allocator-size-preload-manager=33554432"
    "memorysetup-temp-allocator-size-nav-mesh-worker=65536"
    "memorysetup-temp-allocator-size-audio-worker=65536"
    "memorysetup-temp-allocator-size-cloud-worker=32768"
    "memorysetup-temp-allocator-size-gi-baking-worker=262144"
    "memorysetup-temp-allocator-size-gfx=262144"
Refreshing native plugins compatible for Editor in 249.02 ms, found 3 plugins.
Preloading 0 native plugins for Editor in 0.00 ms.
Initialize engine version: 2021.3.9f1 (ad3870b89536)
[Subsystems] Discovering subsystems at path C:/Program Files/Unity/Hub/Editor/2021.3.9f1/Editor/Data/Resources/UnitySubsystems
[Subsystems] Discovering subsystems at path C:/Users/Galad/OneDrive/Desktop/GitHub/schoolwork_/KirbiDeathRun/KirbiDR/Assets
GfxDevice: creating device client; threaded=0; jobified=0
Direct3D:
    Version:  Direct3D 11.0 [level 11.1]
    Renderer: Intel(R) UHD Graphics (ID=0x8a56)
    Vendor:   Intel
    VRAM:     6027 MB
    Driver:   27.20.100.9365
Initialize mono
Mono path[0] = 'C:/Program Files/Unity/Hub/Editor/2021.3.9f1/Editor/Data/Managed'
Mono path[1] = 'C:/Program Files/Unity/Hub/Editor/2021.3.9f1/Editor/Data/MonoBleedingEdge/lib/mono/unityjit-win32'
Mono config path = 'C:/Program Files/Unity/Hub/Editor/2021.3.9f1/Editor/Data/MonoBleedingEdge/etc'
Using monoOptions --debugger-agent=transport=dt_socket,embedding=1,server=y,suspend=n,address=127.0.0.1:56044
Begin MonoManager ReloadAssembly
Registering precompiled unity dll's ...
Register platform support module: C:/Program Files/Unity/Hub/Editor/2021.3.9f1/Editor/Data/PlaybackEngines/WindowsStandaloneSupport/UnityEditor.WindowsStandalone.Extensions.dll
Registered in 0.026744 seconds.
Native extension for WindowsStandalone target not found
Refreshing native plugins compatible for Editor in 306.24 ms, found 3 plugins.
Preloading 0 native plugins for Editor in 0.00 ms.
Mono: successfully reloaded assembly
- Completed reload, in  2.372 seconds
Domain Reload Profiling:
	ReloadAssembly (2373ms)
		BeginReloadAssembly (350ms)
			ExecutionOrderSort (0ms)
			DisableScriptedObjects (0ms)
			BackupInstance (0ms)
			ReleaseScriptingObjects (0ms)
			CreateAndSetChildDomain (3ms)
		EndReloadAssembly (1629ms)
			LoadAssemblies (341ms)
			RebuildTransferFunctionScriptingTraits (0ms)
			SetupTypeCache (359ms)
			ReleaseScriptCaches (0ms)
			RebuildScriptCaches (99ms)
			SetupLoadedEditorAssemblies (1002ms)
				LogAssemblyErrors (0ms)
				InitializePlatformSupportModulesInManaged (27ms)
				SetLoadedEditorAssemblies (1ms)
				RefreshPlugins (307ms)
				BeforeProcessingInitializeOnLoad (3ms)
				ProcessInitializeOnLoadAttributes (479ms)
				ProcessInitializeOnLoadMethodAttributes (186ms)
				AfterProcessingInitializeOnLoad (0ms)
				EditorAssembliesLoaded (0ms)
			ExecutionOrderSort2 (0ms)
			AwakeInstancesAfterBackupRestoration (0ms)
Platform modules already initialized, skipping
Registering precompiled user dll's ...
Registered in 0.021536 seconds.
Begin MonoManager ReloadAssembly
Symbol file LoadedFromMemory doesn't match image C:\Users\Galad\OneDrive\Desktop\GitHub\schoolwork_\KirbiDeathRun\KirbiDR\Library\PackageCache\com.unity.visualscripting@1.7.8\Editor\VisualScripting.Core\Dependencies\YamlDotNet\Unity.VisualScripting.YamlDotNet.dll
Symbol file LoadedFromMemory doesn't match image C:\Users\Galad\OneDrive\Desktop\GitHub\schoolwork_\KirbiDeathRun\KirbiDR\Library\PackageCache\com.unity.visualscripting@1.7.8\Editor\VisualScripting.Core\Dependencies\DotNetZip\Unity.VisualScripting.IonicZip.dll
Native extension for WindowsStandalone target not found
Refreshing native plugins compatible for Editor in 1.00 ms, found 3 plugins.
Preloading 0 native plugins for Editor in 0.00 ms.
Mono: successfully reloaded assembly
- Completed reload, in  3.502 seconds
Domain Reload Profiling:
	ReloadAssembly (3504ms)
		BeginReloadAssembly (343ms)
			ExecutionOrderSort (0ms)
			DisableScriptedObjects (17ms)
			BackupInstance (0ms)
			ReleaseScriptingObjects (0ms)
			CreateAndSetChildDomain (51ms)
		EndReloadAssembly (2807ms)
			LoadAssemblies (276ms)
			RebuildTransferFunctionScriptingTraits (0ms)
			SetupTypeCache (941ms)
			ReleaseScriptCaches (2ms)
			RebuildScriptCaches (159ms)
			SetupLoadedEditorAssemblies (1285ms)
				LogAssemblyErrors (0ms)
				InitializePlatformSupportModulesInManaged (15ms)
				SetLoadedEditorAssemblies (1ms)
				RefreshPlugins (1ms)
				BeforeProcessingInitializeOnLoad (339ms)
				ProcessInitializeOnLoadAttributes (804ms)
				ProcessInitializeOnLoadMethodAttributes (101ms)
				AfterProcessingInitializeOnLoad (24ms)
				EditorAssembliesLoaded (1ms)
			ExecutionOrderSort2 (0ms)
			AwakeInstancesAfterBackupRestoration (24ms)
Platform modules already initialized, skipping
========================================================================
Worker process is ready to serve import requests
Launched and connected shader compiler UnityShaderCompiler.exe after 0.14 seconds
Refreshing native plugins compatible for Editor in 1.33 ms, found 3 plugins.
Preloading 0 native plugins for Editor in 0.00 ms.
Unloading 3380 Unused Serialized files (Serialized files now loaded: 0)
Unloading 27 unused Assets / (111.3 KB). Loaded Objects now: 3837.
Memory consumption went from 116.2 MB to 116.1 MB.
Total: 9.279500 ms (FindLiveObjects: 0.391900 ms CreateObjectMapping: 0.377700 ms MarkObjects: 8.265400 ms  DeleteObjects: 0.242300 ms)

AssetImportParameters requested are different than current active one (requested -> active):
  custom:video-decoder-ogg-theora: a1e56fd34408186e4bbccfd4996cb3dc -> 
  custom:container-muxer-webm: aa71ff27fc2769a1b78a27578f13a17b -> 
  custom:container-demuxer-webm: 4f35f7cbe854078d1ac9338744f61a02 -> 
  custom:video-encoder-webm-vp8: eb34c28f22e8b96e1ab97ce403110664 -> 
  custom:video-codec-MediaFoundation-h265: 746d11721c4dcdbdad8f713fa42b33f4 -> 
  custom:audio-encoder-webm-vorbis: bf7c407c2cedff20999df2af8eb42d56 -> 
  custom:framework-win-MediaFoundation: 216162199b28c13a410421893ffa2e32 -> 
  custom:container-demuxer-ogg: 62fdf1f143b41e24485cea50d1cbac27 -> 
  custom:video-decoder-webm-vp8: 9c59270c3fd7afecdb556c50c9e8de78 -> 
  custom:audio-decoder-ogg-vorbis: bf7c407c2cedff20999df2af8eb42d56 -> 
========================================================================
Received Import Request.
  Time since last request: 259982.353964 seconds.
  path: Assets/Models/Kirby.obj
  artifactKey: Guid(485de0451455acb438b92c2ee7f15eac) Importer(815301076,1909f56bfc062723c751e8b465ee728b)
Start importing Assets/Models/Kirby.obj using Guid(485de0451455acb438b92c2ee7f15eac) Importer(815301076,1909f56bfc062723c751e8b465ee728b)  -> (artifact id: '8c0df5f3418eab43e39d3535f58c77dc') in 1.226177 seconds 
========================================================================
Received Import Request.
  Time since last request: 149.782651 seconds.
  path: Assets/Models/Kirby.FBX
  artifactKey: Guid(3867efe14f8c5bb4ba034654b699715d) Importer(815301076,1909f56bfc062723c751e8b465ee728b)
Start importing Assets/Models/Kirby.FBX using Guid(3867efe14f8c5bb4ba034654b699715d) Importer(815301076,1909f56bfc062723c751e8b465ee728b)  -> (artifact id: 'a2e48c384b32285d11353ce3971d0962') in 0.627493 seconds 
========================================================================
Received Import Request.
  Time since last request: 68.209245 seconds.
  path: Assets/Models/Kirby.FBX
  artifactKey: Guid(3867efe14f8c5bb4ba034654b699715d) Importer(815301076,1909f56bfc062723c751e8b465ee728b)
Start importing Assets/Models/Kirby.FBX using Guid(3867efe14f8c5bb4ba034654b699715d) Importer(815301076,1909f56bfc062723c751e8b465ee728b)  -> (artifact id: '1dae0a94505804d3b9a4ddc0794c4d15') in 0.706739 seconds 
========================================================================
Received Import Request.
  Time since last request: 0.000064 seconds.
  path: Assets/Models/kirbyskin00.1688951693.png
  artifactKey: Guid(4a73024858a92d64eba3687e647cd56b) Importer(815301076,1909f56bfc062723c751e8b465ee728b)
Start importing Assets/Models/kirbyskin00.1688951693.png using Guid(4a73024858a92d64eba3687e647cd56b) Importer(815301076,1909f56bfc062723c751e8b465ee728b)  -> (artifact id: '4719e66a244c28847ef220d5cc23a171') in 0.120454 seconds 
========================================================================
Received Import Request.
  Time since last request: 9.729736 seconds.
  path: Assets/Models/kirbyskin2p._427196307(16032).png
  artifactKey: Guid(c0522418148b6e54e909a04251e561de) Importer(815301076,1909f56bfc062723c751e8b465ee728b)
Start importing Assets/Models/kirbyskin2p._427196307(16032).png using Guid(c0522418148b6e54e909a04251e561de) Importer(815301076,1909f56bfc062723c751e8b465ee728b)  -> (artifact id: 'cd588fa9eba45128033f61a2cbb4aa15') in 0.035024 seconds 
========================================================================
Received Import Request.
  Time since last request: 10.668686 seconds.
  path: Assets/Models/kirbyface.01.png
  artifactKey: Guid(dcee4c40dc4a5b6489a8a2ba16c51732) Importer(815301076,1909f56bfc062723c751e8b465ee728b)
Start importing Assets/Models/kirbyface.01.png using Guid(dcee4c40dc4a5b6489a8a2ba16c51732) Importer(815301076,1909f56bfc062723c751e8b465ee728b)  -> (artifact id: '7937c73ad94f874b1acbb3c4ee6b0288') in 0.037454 seconds 
========================================================================
Received Import Request.
  Time since last request: 274.328560 seconds.
  path: Assets/Textures
  artifactKey: Guid(560a34bbedff449478add12c4e5cfc9d) Importer(815301076,1909f56bfc062723c751e8b465ee728b)
Start importing Assets/Textures using Guid(560a34bbedff449478add12c4e5cfc9d) Importer(815301076,1909f56bfc062723c751e8b465ee728b)  -> (artifact id: '5d9361c02fa98ea8574ca90050427672') in 0.019136 seconds 
========================================================================
Received Import Request.
  Time since last request: 6.937784 seconds.
  path: Assets/Textures/Mater
  artifactKey: Guid(6655014473fd5db40a576dd524265ed9) Importer(815301076,1909f56bfc062723c751e8b465ee728b)
Start importing Assets/Textures/Mater using Guid(6655014473fd5db40a576dd524265ed9) Importer(815301076,1909f56bfc062723c751e8b465ee728b)  -> (artifact id: '7667e843571cead124886e8631574053') in 0.017533 seconds 
========================================================================
Received Import Request.
  Time since last request: 8.597610 seconds.
  path: Assets/Materials
  artifactKey: Guid(968de7217a96d164e829721f261bbd9e) Importer(815301076,1909f56bfc062723c751e8b465ee728b)
Start importing Assets/Materials using Guid(968de7217a96d164e829721f261bbd9e) Importer(815301076,1909f56bfc062723c751e8b465ee728b)  -> (artifact id: '2134237c5590b26d5f24ad29cc15766a') in 0.017152 seconds 
========================================================================
Received Import Request.
  Time since last request: 22.136169 seconds.
  path: Assets/Textures/kirbyface.01.png
  artifactKey: Guid(1bbb5dda47e438d4dadaefa783b44ceb) Importer(815301076,1909f56bfc062723c751e8b465ee728b)
Start importing Assets/Textures/kirbyface.01.png using Guid(1bbb5dda47e438d4dadaefa783b44ceb) Importer(815301076,1909f56bfc062723c751e8b465ee728b)  -> (artifact id: 'f44534f1a10a3f08c54b6b50aa570e0c') in 0.023743 seconds 
========================================================================
Received Import Request.
  Time since last request: 26.235578 seconds.
  path: Assets/Materials/New Material.mat
  artifactKey: Guid(0a8e31f0e6ef1d342bc78cbe4d32e816) Importer(815301076,1909f56bfc062723c751e8b465ee728b)
Start importing Assets/Materials/New Material.mat using Guid(0a8e31f0e6ef1d342bc78cbe4d32e816) Importer(815301076,1909f56bfc062723c751e8b465ee728b)  -> (artifact id: '96d6395663c79f6f95bab4b5acc348b1') in 0.056414 seconds 
========================================================================
Received Import Request.
  Time since last request: 10.195217 seconds.
  path: Assets/Materials/kirby.mat
  artifactKey: Guid(0a8e31f0e6ef1d342bc78cbe4d32e816) Importer(815301076,1909f56bfc062723c751e8b465ee728b)
Start importing Assets/Materials/kirby.mat using Guid(0a8e31f0e6ef1d342bc78cbe4d32e816) Importer(815301076,1909f56bfc062723c751e8b465ee728b)  -> (artifact id: 'd440b574c743b9ee4f8d821ceb29f0b3') in 0.330423 seconds 
========================================================================
Received Import Request.
  Time since last request: 18.893680 seconds.
  path: Packages/com.unity.collab-proxy/Editor/Collaborate/Assets/Icons/added-file-dark.png
  artifactKey: Guid(1a4f52b613391cd449af3ad2e44affeb) Importer(815301076,1909f56bfc062723c751e8b465ee728b)
Start importing Packages/com.unity.collab-proxy/Editor/Collaborate/Assets/Icons/added-file-dark.png using Guid(1a4f52b613391cd449af3ad2e44affeb) Importer(815301076,1909f56bfc062723c751e8b465ee728b)  -> (artifact id: '780ab4c976e9709d675b253409452cfa') in 0.048197 seconds 
========================================================================
Received Import Request.
  Time since last request: 0.000048 seconds.
  path: Packages/com.unity.collab-proxy/Editor/Collaborate/Assets/Icons/choose-remote-dark.png
  artifactKey: Guid(289215d22fcafb941b9e25f8609e25b9) Importer(815301076,1909f56bfc062723c751e8b465ee728b)
Start importing Packages/com.unity.collab-proxy/Editor/Collaborate/Assets/Icons/choose-remote-dark.png using Guid(289215d22fcafb941b9e25f8609e25b9) Importer(815301076,1909f56bfc062723c751e8b465ee728b)  -> (artifact id: 'fa84f6f249cc28d7a68e44c2e354e6e7') in 0.052696 seconds 
========================================================================
Received Import Request.
  Time since last request: 0.000044 seconds.
  path: Packages/com.unity.collab-proxy/Editor/Collaborate/Assets/Icons/choose-remote-dark@2x.png
  artifactKey: Guid(a26232d4d188e4440897131ed223d505) Importer(815301076,1909f56bfc062723c751e8b465ee728b)
Start importing Packages/com.unity.collab-proxy/Editor/Collaborate/Assets/Icons/choose-remote-dark@2x.png using Guid(a26232d4d188e4440897131ed223d505) Importer(815301076,1909f56bfc062723c751e8b465ee728b)  -> (artifact id: 'a6ca007e3944433d08bbbb534056fae7') in 0.046533 seconds 
========================================================================
Received Import Request.
  Time since last request: 0.000064 seconds.
  path: Packages/com.unity.collab-proxy/Editor/Collaborate/Assets/Icons/choose-mine-dark@2x.png
  artifactKey: Guid(39c95c5cb14167543b9aa5908c94bb71) Importer(815301076,1909f56bfc062723c751e8b465ee728b)
Start importing Packages/com.unity.collab-proxy/Editor/Collaborate/Assets/Icons/choose-mine-dark@2x.png using Guid(39c95c5cb14167543b9aa5908c94bb71) Importer(815301076,1909f56bfc062723c751e8b465ee728b)  -> (artifact id: 'e3d7438bab97d7b289f2ae6cda8e4818') in 0.051718 seconds 
========================================================================
Received Import Request.
  Time since last request: 0.000064 seconds.
  path: Packages/com.unity.collab-proxy/Editor/PlasticSCM/Assets/Images/buttonssosigninunity.png
  artifactKey: Guid(f9161c6c9e06dc445ada3ee16d991f90) Importer(815301076,1909f56bfc062723c751e8b465ee728b)
Start importing Packages/com.unity.collab-proxy/Editor/PlasticSCM/Assets/Images/buttonssosigninunity.png using Guid(f9161c6c9e06dc445ada3ee16d991f90) Importer(815301076,1909f56bfc062723c751e8b465ee728b)  -> (artifact id: 'bbe16f542ec7cc19e371968ec1681784') in 0.100919 seconds 
========================================================================
Received Import Request.
  Time since last request: 0.000067 seconds.
  path: Packages/com.unity.collab-proxy/Editor/Collaborate/Assets/Icons/choose-remote-light.png
  artifactKey: Guid(78f56e873f56d7943aef2a039430732e) Importer(815301076,1909f56bfc062723c751e8b465ee728b)
Start importing Packages/com.unity.collab-proxy/Editor/Collaborate/Assets/Icons/choose-remote-light.png using Guid(78f56e873f56d7943aef2a039430732e) Importer(815301076,1909f56bfc062723c751e8b465ee728b)  -> (artifact id: '3c7f5a713f7ec155457510b2219d0a4b') in 0.047580 seconds 
========================================================================
Received Import Request.
  Time since last request: 0.000064 seconds.
  path: Packages/com.unity.collab-proxy/Editor/Collaborate/Assets/Icons/back-light@2x.png
  artifactKey: Guid(f5c57327df0fa294c8209aa216435167) Importer(815301076,1909f56bfc062723c751e8b465ee728b)
Start importing Packages/com.unity.collab-proxy/Editor/Collaborate/Assets/Icons/back-light@2x.png using Guid(f5c57327df0fa294c8209aa216435167) Importer(815301076,1909f56bfc062723c751e8b465ee728b)  -> (artifact id: 'f0ea9b6bca89ae583be0cfa42a67b385') in 0.047249 seconds 
========================================================================
Received Import Request.
  Time since last request: 0.000089 seconds.
  path: Packages/com.unity.collab-proxy/Editor/Collaborate/Assets/Icons/choose-mine-light@2x.png
  artifactKey: Guid(1bceea0c53eecc244a50615c7958486d) Importer(815301076,1909f56bfc062723c751e8b465ee728b)
Start importing Packages/com.unity.collab-proxy/Editor/Collaborate/Assets/Icons/choose-mine-light@2x.png using Guid(1bceea0c53eecc244a50615c7958486d) Importer(815301076,1909f56bfc062723c751e8b465ee728b)  -> (artifact id: '7346ddbdcdf5e8868e347b9470091c64') in 0.044640 seconds 
========================================================================
Received Import Request.
  Time since last request: 0.000064 seconds.
  path: Packages/com.unity.collab-proxy/Editor/Collaborate/Assets/Icons/back-dark.png
  artifactKey: Guid(8e3ec2dfd58b79842aa78376678a9a05) Importer(815301076,1909f56bfc062723c751e8b465ee728b)
Start importing Packages/com.unity.collab-proxy/Editor/Collaborate/Assets/Icons/back-dark.png using Guid(8e3ec2dfd58b79842aa78376678a9a05) Importer(815301076,1909f56bfc062723c751e8b465ee728b)  -> (artifact id: '203c7d2a272db8447314ce78c0371e02') in 0.048005 seconds 
========================================================================
Received Import Request.
  Time since last request: 0.000060 seconds.
  path: Packages/com.unity.collab-proxy/Editor/Collaborate/Assets/Icons/clear-light@2x.png
  artifactKey: Guid(c84258b6921bcce45a57f68a07b2143f) Importer(815301076,1909f56bfc062723c751e8b465ee728b)
Start importing Packages/com.unity.collab-proxy/Editor/Collaborate/Assets/Icons/clear-light@2x.png using Guid(c84258b6921bcce45a57f68a07b2143f) Importer(815301076,1909f56bfc062723c751e8b465ee728b)  -> (artifact id: '9a88bd640ae332f2cfdc7b3eb35cca8c') in 0.050689 seconds 
========================================================================
Received Import Request.
  Time since last request: 0.000049 seconds.
  path: Packages/com.unity.collab-proxy/Editor/Collaborate/Assets/Icons/choose-remote-light@2x.png
  artifactKey: Guid(2c8a8b796d0907747a9518f9458b2259) Importer(815301076,1909f56bfc062723c751e8b465ee728b)
Start importing Packages/com.unity.collab-proxy/Editor/Collaborate/Assets/Icons/choose-remote-light@2x.png using Guid(2c8a8b796d0907747a9518f9458b2259) Importer(815301076,1909f56bfc062723c751e8b465ee728b)  -> (artifact id: '5951a0e1568f8d1ae6be69eff05086e2') in 0.050562 seconds 
========================================================================
Received Import Request.
  Time since last request: 0.000052 seconds.
  path: Packages/com.unity.collab-proxy/Editor/PlasticSCM/Assets/Images/buttonssosigninemail.png
  artifactKey: Guid(d24e7e0b75e1a244bb9687d6fd4315ef) Importer(815301076,1909f56bfc062723c751e8b465ee728b)
Start importing Packages/com.unity.collab-proxy/Editor/PlasticSCM/Assets/Images/buttonssosigninemail.png using Guid(d24e7e0b75e1a244bb9687d6fd4315ef) Importer(815301076,1909f56bfc062723c751e8b465ee728b)  -> (artifact id: 'a83cf036a2e971274014c4bb119cc818') in 0.057155 seconds 
========================================================================
Received Import Request.
  Time since last request: 0.000055 seconds.
  path: Packages/com.unity.collab-proxy/Editor/Collaborate/Assets/Icons/back-dark@2x.png
  artifactKey: Guid(9c6313a5316f8a34b852bf94ff96e3ab) Importer(815301076,1909f56bfc062723c751e8b465ee728b)
Start importing Packages/com.unity.collab-proxy/Editor/Collaborate/Assets/Icons/back-dark@2x.png using Guid(9c6313a5316f8a34b852bf94ff96e3ab) Importer(815301076,1909f56bfc062723c751e8b465ee728b)  -> (artifact id: '00e18c5ffd3b7e8c54f113cf0bdc0fae') in 0.051553 seconds 
========================================================================
Received Import Request.
  Time since last request: 0.000062 seconds.
  path: Packages/com.unity.collab-proxy/Editor/PlasticSCM/Assets/Images/buttonssosigninemail@2x.png
  artifactKey: Guid(ddf2e76e8a1f88f46ae1e42277850b48) Importer(815301076,1909f56bfc062723c751e8b465ee728b)
Start importing Packages/com.unity.collab-proxy/Editor/PlasticSCM/Assets/Images/buttonssosigninemail@2x.png using Guid(ddf2e76e8a1f88f46ae1e42277850b48) Importer(815301076,1909f56bfc062723c751e8b465ee728b)  -> (artifact id: '33b5b9158055734469e94f3cd6c9fa24') in 0.061091 seconds 
========================================================================
Received Import Request.
  Time since last request: 0.000047 seconds.
  path: Packages/com.unity.collab-proxy/Editor/Collaborate/Assets/Icons/clear-dark@2x.png
  artifactKey: Guid(c98f350e47082844fa2954de4d2d5ff9) Importer(815301076,1909f56bfc062723c751e8b465ee728b)
Start importing Packages/com.unity.collab-proxy/Editor/Collaborate/Assets/Icons/clear-dark@2x.png using Guid(c98f350e47082844fa2954de4d2d5ff9) Importer(815301076,1909f56bfc062723c751e8b465ee728b)  -> (artifact id: '37551d7779e017dba6e4a9303b0da77e') in 0.051840 seconds 
========================================================================
Received Import Request.
  Time since last request: 0.000066 seconds.
  path: Packages/com.unity.collab-proxy/Editor/Collaborate/Assets/Icons/added-file-dark@2x.png
  artifactKey: Guid(c223e0c507e2c6549a2cb97441b62cbe) Importer(815301076,1909f56bfc062723c751e8b465ee728b)
Start importing Packages/com.unity.collab-proxy/Editor/Collaborate/Assets/Icons/added-file-dark@2x.png using Guid(c223e0c507e2c6549a2cb97441b62cbe) Importer(815301076,1909f56bfc062723c751e8b465ee728b)  -> (artifact id: 'dee8ab1ee72773ba3a8bb6244b03dbc4') in 0.049028 seconds 
========================================================================
Received Import Request.
  Time since last request: 0.000057 seconds.
  path: Packages/com.unity.collab-proxy/Editor/Collaborate/Assets/Icons/choose-mine-light.png
  artifactKey: Guid(2c0bdcbf152ceb64ba9b01cc370a9092) Importer(815301076,1909f56bfc062723c751e8b465ee728b)
Start importing Packages/com.unity.collab-proxy/Editor/Collaborate/Assets/Icons/choose-mine-light.png using Guid(2c0bdcbf152ceb64ba9b01cc370a9092) Importer(815301076,1909f56bfc062723c751e8b465ee728b)  -> (artifact id: 'a73cb68af9aa2840f99439b429cf9ea7') in 0.051507 seconds 
========================================================================
Received Import Request.
  Time since last request: 0.000086 seconds.
  path: Packages/com.unity.collab-proxy/Editor/Collaborate/Assets/Icons/added-file-light@2x.png
  artifactKey: Guid(ec2e3aa6d0ab8ce4eac29b56d65d61d5) Importer(815301076,1909f56bfc062723c751e8b465ee728b)
Start importing Packages/com.unity.collab-proxy/Editor/Collaborate/Assets/Icons/added-file-light@2x.png using Guid(ec2e3aa6d0ab8ce4eac29b56d65d61d5) Importer(815301076,1909f56bfc062723c751e8b465ee728b)  -> (artifact id: 'f2e5e316e34d432c296e7d2e7d574b07') in 0.050667 seconds 
========================================================================
Received Import Request.
  Time since last request: 0.000133 seconds.
  path: Packages/com.unity.collab-proxy/Editor/Collaborate/Assets/Icons/back-light.png
  artifactKey: Guid(e676ab7aa99535447a763c9f88bf9260) Importer(815301076,1909f56bfc062723c751e8b465ee728b)
Start importing Packages/com.unity.collab-proxy/Editor/Collaborate/Assets/Icons/back-light.png using Guid(e676ab7aa99535447a763c9f88bf9260) Importer(815301076,1909f56bfc062723c751e8b465ee728b)  -> (artifact id: '3580beb3466a11a713809103c86f2009') in 0.056564 seconds 
========================================================================
Received Import Request.
  Time since last request: 0.000043 seconds.
  path: Packages/com.unity.collab-proxy/Editor/PlasticSCM/Assets/Images/buttonssosigningoogle.png
  artifactKey: Guid(f09eae8c0ea04254b90c5386a034a225) Importer(815301076,1909f56bfc062723c751e8b465ee728b)
Start importing Packages/com.unity.collab-proxy/Editor/PlasticSCM/Assets/Images/buttonssosigningoogle.png using Guid(f09eae8c0ea04254b90c5386a034a225) Importer(815301076,1909f56bfc062723c751e8b465ee728b)  -> (artifact id: 'bf429329697518824b8a497c6445daf8') in 0.074632 seconds 
========================================================================
Received Import Request.
  Time since last request: 0.000044 seconds.
  path: Packages/com.unity.collab-proxy/Editor/Collaborate/Assets/Icons/choose-mine-dark.png
  artifactKey: Guid(a972d8b163b45d54b89085acf50327e8) Importer(815301076,1909f56bfc062723c751e8b465ee728b)
Start importing Packages/com.unity.collab-proxy/Editor/Collaborate/Assets/Icons/choose-mine-dark.png using Guid(a972d8b163b45d54b89085acf50327e8) Importer(815301076,1909f56bfc062723c751e8b465ee728b)  -> (artifact id: 'b3c0b3263d92f5f2a40f859dac78ba1b') in 0.051445 seconds 
========================================================================
Received Import Request.
  Time since last request: 0.000077 seconds.
  path: Packages/com.unity.collab-proxy/Editor/Collaborate/Assets/Icons/clear-dark.png
  artifactKey: Guid(432426364f0e2474b9817a7e5b9dd1c2) Importer(815301076,1909f56bfc062723c751e8b465ee728b)
Start importing Packages/com.unity.collab-proxy/Editor/Collaborate/Assets/Icons/clear-dark.png using Guid(432426364f0e2474b9817a7e5b9dd1c2) Importer(815301076,1909f56bfc062723c751e8b465ee728b)  -> (artifact id: '7456d56f377a4ffaf9ee74ca1c1210be') in 0.045778 seconds 
========================================================================
Received Import Request.
  Time since last request: 0.000075 seconds.
  path: Packages/com.unity.collab-proxy/Editor/Collaborate/Assets/Icons/clear-light.png
  artifactKey: Guid(713aeedbd53e6b848a68d0755e7a2c74) Importer(815301076,1909f56bfc062723c751e8b465ee728b)
Start importing Packages/com.unity.collab-proxy/Editor/Collaborate/Assets/Icons/clear-light.png using Guid(713aeedbd53e6b848a68d0755e7a2c74) Importer(815301076,1909f56bfc062723c751e8b465ee728b)  -> (artifact id: '1036e24a6943cb00001825de29b49716') in 0.046181 seconds 
========================================================================
Received Import Request.
  Time since last request: 0.000056 seconds.
  path: Packages/com.unity.collab-proxy/Editor/Collaborate/Assets/Icons/added-file-light.png
  artifactKey: Guid(397fff6c3885f8343bb65714f0064b5d) Importer(815301076,1909f56bfc062723c751e8b465ee728b)
Start importing Packages/com.unity.collab-proxy/Editor/Collaborate/Assets/Icons/added-file-light.png using Guid(397fff6c3885f8343bb65714f0064b5d) Importer(815301076,1909f56bfc062723c751e8b465ee728b)  -> (artifact id: '879754008a5bb1e5409f8b4c0634293a') in 0.046022 seconds 
========================================================================
Received Import Request.
  Time since last request: 0.158341 seconds.
  path: Packages/com.unity.collab-proxy/Editor/Collaborate/Assets/Icons/collaborate-available-changes-dark.png
  artifactKey: Guid(07ab2758fd6b77141ae34a703972f385) Importer(815301076,1909f56bfc062723c751e8b465ee728b)
Start importing Packages/com.unity.collab-proxy/Editor/Collaborate/Assets/Icons/collaborate-available-changes-dark.png using Guid(07ab2758fd6b77141ae34a703972f385) Importer(815301076,1909f56bfc062723c751e8b465ee728b)  -> (artifact id: 'f0bcec0300abbd3d26bb826dfa4fcd25') in 0.052174 seconds 
========================================================================
Received Import Request.
  Time since last request: 0.000080 seconds.
  path: Packages/com.unity.collab-proxy/Editor/Collaborate/Assets/Icons/collaborate-done-dark@2x.png
  artifactKey: Guid(fba4512e3548e0548b2cf4f11913e257) Importer(815301076,1909f56bfc062723c751e8b465ee728b)
Start importing Packages/com.unity.collab-proxy/Editor/Collaborate/Assets/Icons/collaborate-done-dark@2x.png using Guid(fba4512e3548e0548b2cf4f11913e257) Importer(815301076,1909f56bfc062723c751e8b465ee728b)  -> (artifact id: '26a115f5763d1947c4f43e8c2c8ec6f5') in 0.055431 seconds 
========================================================================
Received Import Request.
  Time since last request: 0.000056 seconds.
  path: Packages/com.unity.collab-proxy/Editor/Collaborate/Assets/Icons/collaborate-offline-dark@2x.png
  artifactKey: Guid(c9fb8470579cf8440975e58c5df98216) Importer(815301076,1909f56bfc062723c751e8b465ee728b)
Start importing Packages/com.unity.collab-proxy/Editor/Collaborate/Assets/Icons/collaborate-offline-dark@2x.png using Guid(c9fb8470579cf8440975e58c5df98216) Importer(815301076,1909f56bfc062723c751e8b465ee728b)  -> (artifact id: '4854e7eb9cf07421ecea4fd397723699') in 0.045478 seconds 
========================================================================
Received Import Request.
  Time since last request: 0.000087 seconds.
  path: Packages/com.unity.collab-proxy/Editor/Collaborate/Assets/Icons/collaborate-done-light.png
  artifactKey: Guid(68d404d4616084f449a3bc644c023f2c) Importer(815301076,1909f56bfc062723c751e8b465ee728b)
Start importing Packages/com.unity.collab-proxy/Editor/Collaborate/Assets/Icons/collaborate-done-light.png using Guid(68d404d4616084f449a3bc644c023f2c) Importer(815301076,1909f56bfc062723c751e8b465ee728b)  -> (artifact id: '658f69e609933f205b3349cbbb75c7af') in 0.054331 seconds 
========================================================================
Received Import Request.
  Time since last request: 0.000049 seconds.
  path: Packages/com.unity.collab-proxy/Editor/Collaborate/Assets/Icons/collaborate-offline-light@2x.png
  artifactKey: Guid(cabe2c11824b4164984e262821760727) Importer(815301076,1909f56bfc062723c751e8b465ee728b)
Start importing Packages/com.unity.collab-proxy/Editor/Collaborate/Assets/Icons/collaborate-offline-light@2x.png using Guid(cabe2c11824b4164984e262821760727) Importer(815301076,1909f56bfc062723c751e8b465ee728b)  -> (artifact id: 'b24c3f48e19f0cebd49c5691c964e7f3') in 0.052690 seconds 
========================================================================
Received Import Request.
  Time since last request: 0.000060 seconds.
  path: Packages/com.unity.collab-proxy/Editor/Collaborate/Assets/Icons/collaborate-dark@2x.png
  artifactKey: Guid(158d9c687149a0e499002e08c9420c70) Importer(815301076,1909f56bfc062723c751e8b465ee728b)
Start importing Packages/com.unity.collab-proxy/Editor/Collaborate/Assets/Icons/collaborate-dark@2x.png using Guid(158d9c687149a0e499002e08c9420c70) Importer(815301076,1909f56bfc062723c751e8b465ee728b)  -> (artifact id: '6ba1adca471149a21839e9a99f130c1b') in 0.054170 seconds 
========================================================================
Received Import Request.
  Time since last request: 0.000075 seconds.
  path: Packages/com.unity.collab-proxy/Editor/Collaborate/Assets/Icons/collaborate-error-light.png
  artifactKey: Guid(b08f8cbc53d0bfb45bd2fd1f676d3554) Importer(815301076,1909f56bfc062723c751e8b465ee728b)
Start importing Packages/com.unity.collab-proxy/Editor/Collaborate/Assets/Icons/collaborate-error-light.png using Guid(b08f8cbc53d0bfb45bd2fd1f676d3554) Importer(815301076,1909f56bfc062723c751e8b465ee728b)  -> (artifact id: '65fa5abced7584fe60ad2f7f51182274') in 0.127717 seconds 
========================================================================
Received Import Request.
  Time since last request: 0.000078 seconds.
  path: Packages/com.unity.collab-proxy/Editor/Collaborate/Assets/Icons/collaborate-error-dark.png
  artifactKey: Guid(3eeca90c1ad2c46499941d0901eef4c6) Importer(815301076,1909f56bfc062723c751e8b465ee728b)
Start importing Packages/com.unity.collab-proxy/Editor/Collaborate/Assets/Icons/collaborate-error-dark.png using Guid(3eeca90c1ad2c46499941d0901eef4c6) Importer(815301076,1909f56bfc062723c751e8b465ee728b)  -> (artifact id: '6bddf0118a166b3824aaa25a288e4171') in 0.058210 seconds 
========================================================================
Received Import Request.
  Time since last request: 0.000060 seconds.
  path: Packages/com.unity.collab-proxy/Editor/Collaborate/Assets/Icons/collaborate-available-changes-light@2x.png
  artifactKey: Guid(8478a99d8fb61c94ba938c3034d449c6) Importer(815301076,1909f56bfc062723c751e8b465ee728b)
Start importing Packages/com.unity.collab-proxy/Editor/Collaborate/Assets/Icons/collaborate-available-changes-light@2x.png using Guid(8478a99d8fb61c94ba938c3034d449c6) Importer(815301076,1909f56bfc062723c751e8b465ee728b)  -> (artifact id: 'e2224af0b8b62f6bbea523e873d4989c') in 0.060250 seconds 
========================================================================
Received Import Request.
  Time since last request: 0.000067 seconds.
  path: Packages/com.unity.collab-proxy/Editor/Collaborate/Assets/Icons/collaborate-offline-dark.png
  artifactKey: Guid(594fa102c56c0274db9edabc563d7dcb) Importer(815301076,1909f56bfc062723c751e8b465ee728b)
Start importing Packages/com.unity.collab-proxy/Editor/Collaborate/Assets/Icons/collaborate-offline-dark.png using Guid(594fa102c56c0274db9edabc563d7dcb) Importer(815301076,1909f56bfc062723c751e8b465ee728b)  -> (artifact id: '365b115818b7cdbf686dddd6dfa19e09') in 0.056283 seconds 
========================================================================
Received Import Request.
  Time since last request: 0.000080 seconds.
  path: Packages/com.unity.collab-proxy/Editor/Collaborate/Assets/Icons/collaborate-dark.png
  artifactKey: Guid(8558913fe46542045b38c8f97ef8546a) Importer(815301076,1909f56bfc062723c751e8b465ee728b)
Start importing Packages/com.unity.collab-proxy/Editor/Collaborate/Assets/Icons/collaborate-dark.png using Guid(8558913fe46542045b38c8f97ef8546a) Importer(815301076,1909f56bfc062723c751e8b465ee728b)  -> (artifact id: 'f8324d26b7f8816197d42148023d89e1') in 0.053348 seconds 
========================================================================
Received Import Request.
  Time since last request: 0.000087 seconds.
  path: Packages/com.unity.collab-proxy/Editor/Collaborate/Assets/Icons/collaborate-incoming-dark.png
  artifactKey: Guid(4f1f02bee0a5ae24aac00a40a212299a) Importer(815301076,1909f56bfc062723c751e8b465ee728b)
Start importing Packages/com.unity.collab-proxy/Editor/Collaborate/Assets/Icons/collaborate-incoming-dark.png using Guid(4f1f02bee0a5ae24aac00a40a212299a) Importer(815301076,1909f56bfc062723c751e8b465ee728b)  -> (artifact id: '1d6bb06215de59beec0ae9d19500b764') in 0.052121 seconds 
========================================================================
Received Import Request.
  Time since last request: 0.000055 seconds.
  path: Packages/com.unity.collab-proxy/Editor/Collaborate/Assets/Icons/collaborate-offline-light.png
  artifactKey: Guid(5baffe5f7a6366344b7819fa35e7e030) Importer(815301076,1909f56bfc062723c751e8b465ee728b)
Start importing Packages/com.unity.collab-proxy/Editor/Collaborate/Assets/Icons/collaborate-offline-light.png using Guid(5baffe5f7a6366344b7819fa35e7e030) Importer(815301076,1909f56bfc062723c751e8b465ee728b)  -> (artifact id: 'd72ca59377dd3b4a2b76869ce11e0f1a') in 0.044685 seconds 
========================================================================
Received Import Request.
  Time since last request: 0.000060 seconds.
  path: Packages/com.unity.collab-proxy/Editor/Collaborate/Assets/Icons/collaborate-error-light@2x.png
  artifactKey: Guid(d41e3a51c74c48847a8eb97a319afda8) Importer(815301076,1909f56bfc062723c751e8b465ee728b)
Start importing Packages/com.unity.collab-proxy/Editor/Collaborate/Assets/Icons/collaborate-error-light@2x.png using Guid(d41e3a51c74c48847a8eb97a319afda8) Importer(815301076,1909f56bfc062723c751e8b465ee728b)  -> (artifact id: '5625ea80f3e0d7558b7238282d5930ef') in 0.052285 seconds 
========================================================================
Received Import Request.
  Time since last request: 0.000054 seconds.
  path: Packages/com.unity.collab-proxy/Editor/Collaborate/Assets/Icons/collaborate-done-dark.png
  artifactKey: Guid(80c31f397a3ab184bae2f0d4b3dc5c1d) Importer(815301076,1909f56bfc062723c751e8b465ee728b)
Start importing Packages/com.unity.collab-proxy/Editor/Collaborate/Assets/Icons/collaborate-done-dark.png using Guid(80c31f397a3ab184bae2f0d4b3dc5c1d) Importer(815301076,1909f56bfc062723c751e8b465ee728b)  -> (artifact id: '332be85e559be68ac08d4023b6afdddb') in 0.044588 seconds 
========================================================================
Received Import Request.
  Time since last request: 0.000068 seconds.
  path: Packages/com.unity.collab-proxy/Editor/Collaborate/Assets/Icons/collaborate-error-dark@2x.png
  artifactKey: Guid(0159d5999f4dc4545848ed42cd775ec4) Importer(815301076,1909f56bfc062723c751e8b465ee728b)
Start importing Packages/com.unity.collab-proxy/Editor/Collaborate/Assets/Icons/collaborate-error-dark@2x.png using Guid(0159d5999f4dc4545848ed42cd775ec4) Importer(815301076,1909f56bfc062723c751e8b465ee728b)  -> (artifact id: '63a071d3e0bb2fa25e9ca9351da77deb') in 0.047832 seconds 
========================================================================
Received Import Request.
  Time since last request: 0.000074 seconds.
  path: Packages/com.unity.collab-proxy/Editor/Collaborate/Assets/Icons/collaborate-incoming-dark@2x.png
  artifactKey: Guid(a9fa02cdd2d760c43a0e69ba0fa49dab) Importer(815301076,1909f56bfc062723c751e8b465ee728b)
Start importing Packages/com.unity.collab-proxy/Editor/Collaborate/Assets/Icons/collaborate-incoming-dark@2x.png using Guid(a9fa02cdd2d760c43a0e69ba0fa49dab) Importer(815301076,1909f56bfc062723c751e8b465ee728b)  -> (artifact id: 'a0473d7bb244744014bcd89aa4294510') in 0.047330 seconds 
========================================================================
Received Import Request.
  Time since last request: 0.000059 seconds.
  path: Packages/com.unity.collab-proxy/Editor/Collaborate/Assets/Icons/collaborate-available-changes-dark@2x.png
  artifactKey: Guid(1a2cea5a396ff5d4a8f740bd5d8726b0) Importer(815301076,1909f56bfc062723c751e8b465ee728b)
Start importing Packages/com.unity.collab-proxy/Editor/Collaborate/Assets/Icons/collaborate-available-changes-dark@2x.png using Guid(1a2cea5a396ff5d4a8f740bd5d8726b0) Importer(815301076,1909f56bfc062723c751e8b465ee728b)  -> (artifact id: '261c2fb5a71e0ce2ecf1cc29f489be44') in 0.052294 seconds 
========================================================================
Received Import Request.
  Time since last request: 0.000074 seconds.
  path: Packages/com.unity.collab-proxy/Editor/Collaborate/Assets/Icons/collaborate-incoming-light@2x.png
  artifactKey: Guid(75d22b424580dde41824299bb20d1de1) Importer(815301076,1909f56bfc062723c751e8b465ee728b)
Start importing Packages/com.unity.collab-proxy/Editor/Collaborate/Assets/Icons/collaborate-incoming-light@2x.png using Guid(75d22b424580dde41824299bb20d1de1) Importer(815301076,1909f56bfc062723c751e8b465ee728b)  -> (artifact id: '74c3c66036307782d881ad566525ccb5') in 0.051389 seconds 
========================================================================
Received Import Request.
  Time since last request: 0.000066 seconds.
  path: Packages/com.unity.collab-proxy/Editor/Collaborate/Assets/Icons/collaborate-done-light@2x.png
  artifactKey: Guid(efbf52d7ee1264d478d63a17b943941a) Importer(815301076,1909f56bfc062723c751e8b465ee728b)
Start importing Packages/com.unity.collab-proxy/Editor/Collaborate/Assets/Icons/collaborate-done-light@2x.png using Guid(efbf52d7ee1264d478d63a17b943941a) Importer(815301076,1909f56bfc062723c751e8b465ee728b)  -> (artifact id: 'b386fd59438f9c0725a5496352a7dd0f') in 0.048168 seconds 
========================================================================
Received Import Request.
  Time since last request: 0.000064 seconds.
  path: Packages/com.unity.collab-proxy/Editor/Collaborate/Assets/Icons/collaborate-available-changes-light.png
  artifactKey: Guid(c27f4e1f2b76b2f45b48df65c02ba338) Importer(815301076,1909f56bfc062723c751e8b465ee728b)
Start importing Packages/com.unity.collab-proxy/Editor/Collaborate/Assets/Icons/collaborate-available-changes-light.png using Guid(c27f4e1f2b76b2f45b48df65c02ba338) Importer(815301076,1909f56bfc062723c751e8b465ee728b)  -> (artifact id: '36f12b80b51117c1a6c59e704b6e618a') in 0.047497 seconds 
========================================================================
Received Import Request.
  Time since last request: 0.000061 seconds.
  path: Packages/com.unity.collab-proxy/Editor/Collaborate/Assets/Icons/collaborate-incoming-light.png
  artifactKey: Guid(0919e5a835eb86343b8b1722ea1d32a8) Importer(815301076,1909f56bfc062723c751e8b465ee728b)
Start importing Packages/com.unity.collab-proxy/Editor/Collaborate/Assets/Icons/collaborate-incoming-light.png using Guid(0919e5a835eb86343b8b1722ea1d32a8) Importer(815301076,1909f56bfc062723c751e8b465ee728b)  -> (artifact id: '2eda73e82d884e4984435c3c7417c1e8') in 0.043818 seconds 
========================================================================
Received Import Request.
  Time since last request: 0.000068 seconds.
  path: Packages/com.unity.collab-proxy/Editor/Collaborate/Assets/Icons/collaborate-light.png
  artifactKey: Guid(4466539767d9ee241abcc43eebb52ce3) Importer(815301076,1909f56bfc062723c751e8b465ee728b)
Start importing Packages/com.unity.collab-proxy/Editor/Collaborate/Assets/Icons/collaborate-light.png using Guid(4466539767d9ee241abcc43eebb52ce3) Importer(815301076,1909f56bfc062723c751e8b465ee728b)  -> (artifact id: '409ba7632a6672b60db6a5b8b7cd233e') in 0.043934 seconds 
========================================================================
Received Import Request.
  Time since last request: 0.000068 seconds.
  path: Packages/com.unity.collab-proxy/Editor/Collaborate/Assets/Icons/collaborate-light@2x.png
  artifactKey: Guid(837c493ae228aaf4d977e9138707008d) Importer(815301076,1909f56bfc062723c751e8b465ee728b)
Start importing Packages/com.unity.collab-proxy/Editor/Collaborate/Assets/Icons/collaborate-light@2x.png using Guid(837c493ae228aaf4d977e9138707008d) Importer(815301076,1909f56bfc062723c751e8b465ee728b)  -> (artifact id: '57fd93fdc67a994f72c37bac479f14bc') in 0.041294 seconds 
========================================================================
Received Import Request.
  Time since last request: 244.182282 seconds.
  path: Assets/Materials/Kirby.obj
  artifactKey: Guid(bfbc58daf312e0a4386a4365a61ae138) Importer(815301076,1909f56bfc062723c751e8b465ee728b)
Start importing Assets/Materials/Kirby.obj using Guid(bfbc58daf312e0a4386a4365a61ae138) Importer(815301076,1909f56bfc062723c751e8b465ee728b)  -> (artifact id: 'f5851867416fb48f3249db8f803c9c0a') in 0.445029 seconds 
========================================================================
Received Import Request.
  Time since last request: 70.236883 seconds.
  path: Assets/Kirby.dae
  artifactKey: Guid(20f9051a16fe99f4e82f955a570067b9) Importer(815301076,1909f56bfc062723c751e8b465ee728b)
Start importing Assets/Kirby.dae using Guid(20f9051a16fe99f4e82f955a570067b9) Importer(815301076,1909f56bfc062723c751e8b465ee728b)  -> (artifact id: '1b2c6fb9dd4d12170fa81d9370f7e938') in 0.438812 seconds 
========================================================================
Received Import Request.
  Time since last request: 331.739416 seconds.
  path: Assets/Textures/Kirby
  artifactKey: Guid(f53836830d265cc40b89385ea6d3d278) Importer(815301076,1909f56bfc062723c751e8b465ee728b)
Start importing Assets/Textures/Kirby using Guid(f53836830d265cc40b89385ea6d3d278) Importer(815301076,1909f56bfc062723c751e8b465ee728b)  -> (artifact id: '9222ce4a031be774e8ae25bfbca7e8cc') in 0.004862 seconds 
========================================================================
Received Import Request.
  Time since last request: 6.746829 seconds.
  path: Assets/Textures/kirbyface.00.png
  artifactKey: Guid(38fb68f129d12c24482fee47bcc0e800) Importer(815301076,1909f56bfc062723c751e8b465ee728b)
Start importing Assets/Textures/kirbyface.00.png using Guid(38fb68f129d12c24482fee47bcc0e800) Importer(815301076,1909f56bfc062723c751e8b465ee728b)  -> (artifact id: 'b1e778f74da0a880af95c9e63cdedad3') in 0.038482 seconds 
========================================================================
Received Import Request.
  Time since last request: 0.000053 seconds.
  path: Assets/Textures/KirbyFace_Normal.02.png
  artifactKey: Guid(3fb87d719817b6941ab3144c833ac890) Importer(815301076,1909f56bfc062723c751e8b465ee728b)
Start importing Assets/Textures/KirbyFace_Normal.02.png using Guid(3fb87d719817b6941ab3144c833ac890) Importer(815301076,1909f56bfc062723c751e8b465ee728b)  -> (artifact id: 'cd7d58e3361d7760618d84f60aed2b7c') in 0.035475 seconds 
========================================================================
Received Import Request.
  Time since last request: 0.000054 seconds.
  path: Assets/Textures/kirbyface.08.png
  artifactKey: Guid(1bdfde4722085e3429af5a84fe63bc98) Importer(815301076,1909f56bfc062723c751e8b465ee728b)
Start importing Assets/Textures/kirbyface.08.png using Guid(1bdfde4722085e3429af5a84fe63bc98) Importer(815301076,1909f56bfc062723c751e8b465ee728b)  -> (artifact id: 'b5f47062f55810fa79dc6beec85f7fe3') in 0.041717 seconds 
========================================================================
Received Import Request.
  Time since last request: 0.000117 seconds.
  path: Assets/Textures/kirbyface.04.png
  artifactKey: Guid(60fc0a9cb87d82e43a2330130f560d08) Importer(815301076,1909f56bfc062723c751e8b465ee728b)
Start importing Assets/Textures/kirbyface.04.png using Guid(60fc0a9cb87d82e43a2330130f560d08) Importer(815301076,1909f56bfc062723c751e8b465ee728b)  -> (artifact id: '9fb3da44ea8eed1b8a1e62430443256a') in 0.056813 seconds 
========================================================================
Received Import Request.
  Time since last request: 0.000050 seconds.
  path: Assets/Textures/KirbyFace_Normal.05.png
  artifactKey: Guid(47fb4bcf7809bab4494a7c67d99bf73f) Importer(815301076,1909f56bfc062723c751e8b465ee728b)
Start importing Assets/Textures/KirbyFace_Normal.05.png using Guid(47fb4bcf7809bab4494a7c67d99bf73f) Importer(815301076,1909f56bfc062723c751e8b465ee728b)  -> (artifact id: 'c3f2e3514064dede580cd052cf215b7b') in 0.035332 seconds 
========================================================================
Received Import Request.
  Time since last request: 0.000038 seconds.
  path: Assets/Textures/kirbyface.02.png
  artifactKey: Guid(aded19ab4b0efcc42b1806a5d7ea2775) Importer(815301076,1909f56bfc062723c751e8b465ee728b)
Start importing Assets/Textures/kirbyface.02.png using Guid(aded19ab4b0efcc42b1806a5d7ea2775) Importer(815301076,1909f56bfc062723c751e8b465ee728b)  -> (artifact id: '3c35b6dd43da55ff2fc24bcd68b553c5') in 0.024483 seconds 
========================================================================
Received Import Request.
  Time since last request: 0.000044 seconds.
  path: Assets/Textures/KirbyFace_Height.03.png
  artifactKey: Guid(a1583a40eaddb134384d5b2828c81481) Importer(815301076,1909f56bfc062723c751e8b465ee728b)
Start importing Assets/Textures/KirbyFace_Height.03.png using Guid(a1583a40eaddb134384d5b2828c81481) Importer(815301076,1909f56bfc062723c751e8b465ee728b)  -> (artifact id: 'c722791081c606007aea71b1adcce8b0') in 0.028176 seconds 
========================================================================
Received Import Request.
  Time since last request: 0.000063 seconds.
  path: Assets/Textures/kirbyface.10.png
  artifactKey: Guid(51fede642c4fbb946a7ce49bb5c546d6) Importer(815301076,1909f56bfc062723c751e8b465ee728b)
Start importing Assets/Textures/kirbyface.10.png using Guid(51fede642c4fbb946a7ce49bb5c546d6) Importer(815301076,1909f56bfc062723c751e8b465ee728b)  -> (artifact id: '71b823c9a54c9e93bf4194324bad57ee') in 0.026819 seconds 
========================================================================
Received Import Request.
  Time since last request: 0.000044 seconds.
  path: Assets/Textures/KirbyFace_Height.05.png
  artifactKey: Guid(e7aaaf609b569844692371948df3b937) Importer(815301076,1909f56bfc062723c751e8b465ee728b)
Start importing Assets/Textures/KirbyFace_Height.05.png using Guid(e7aaaf609b569844692371948df3b937) Importer(815301076,1909f56bfc062723c751e8b465ee728b)  -> (artifact id: 'b6d464732078e93104dccc2bb98c8f71') in 0.028784 seconds 
========================================================================
Received Import Request.
  Time since last request: 0.000048 seconds.
  path: Assets/Textures/KirbyFace_Height.00.png
  artifactKey: Guid(d6a64f70e3d81b549beb1d138234ec03) Importer(815301076,1909f56bfc062723c751e8b465ee728b)
Start importing Assets/Textures/KirbyFace_Height.00.png using Guid(d6a64f70e3d81b549beb1d138234ec03) Importer(815301076,1909f56bfc062723c751e8b465ee728b)  -> (artifact id: 'e1a057bf287426e5d58f6e461f411f48') in 0.028355 seconds 
========================================================================
Received Import Request.
  Time since last request: 0.000071 seconds.
  path: Assets/Textures/kirbyface.09.png
  artifactKey: Guid(b2f4bbaac5f22c74fb2a53ec1e908dda) Importer(815301076,1909f56bfc062723c751e8b465ee728b)
Start importing Assets/Textures/kirbyface.09.png using Guid(b2f4bbaac5f22c74fb2a53ec1e908dda) Importer(815301076,1909f56bfc062723c751e8b465ee728b)  -> (artifact id: '33918dd5c2fc3e527e61dd367a42563b') in 0.028067 seconds 
========================================================================
Received Import Request.
  Time since last request: 0.000034 seconds.
  path: Assets/Textures/KirbyFace_Normal.00.png
  artifactKey: Guid(63ddd2372e945774388de43abba8cc85) Importer(815301076,1909f56bfc062723c751e8b465ee728b)
Start importing Assets/Textures/KirbyFace_Normal.00.png using Guid(63ddd2372e945774388de43abba8cc85) Importer(815301076,1909f56bfc062723c751e8b465ee728b)  -> (artifact id: '71797931b828e2512fbf35c5bd58f4c4') in 0.032533 seconds 
========================================================================
Received Import Request.
  Time since last request: 0.000044 seconds.
  path: Assets/Textures/kirbyface.07.png
  artifactKey: Guid(043360fb733814641ab241e1b9464226) Importer(815301076,1909f56bfc062723c751e8b465ee728b)
Start importing Assets/Textures/kirbyface.07.png using Guid(043360fb733814641ab241e1b9464226) Importer(815301076,1909f56bfc062723c751e8b465ee728b)  -> (artifact id: '1bf30996549a2c741475cf9b96169816') in 0.035170 seconds 
========================================================================
Received Import Request.
  Time since last request: 0.000048 seconds.
  path: Assets/Textures/kirbyskin3p._425033619(16032).png
  artifactKey: Guid(e146406169207524a999ccde3a364a87) Importer(815301076,1909f56bfc062723c751e8b465ee728b)
Start importing Assets/Textures/kirbyskin3p._425033619(16032).png using Guid(e146406169207524a999ccde3a364a87) Importer(815301076,1909f56bfc062723c751e8b465ee728b)  -> (artifact id: '5504ad21b951c183cb09b51ba88ac4c0') in 0.030292 seconds 
========================================================================
Received Import Request.
  Time since last request: 0.000063 seconds.
  path: Assets/Textures/KirbyFace_Height.01.png
  artifactKey: Guid(e95da393da180da43876138d3443b93c) Importer(815301076,1909f56bfc062723c751e8b465ee728b)
Start importing Assets/Textures/KirbyFace_Height.01.png using Guid(e95da393da180da43876138d3443b93c) Importer(815301076,1909f56bfc062723c751e8b465ee728b)  -> (artifact id: '626c2402a7c733561c6a5857c6bb22be') in 0.034315 seconds 
========================================================================
Received Import Request.
  Time since last request: 0.000140 seconds.
  path: Assets/Textures/kirbyface.06.png
  artifactKey: Guid(9350345b7d53b074fb7f45d05da015d1) Importer(815301076,1909f56bfc062723c751e8b465ee728b)
Start importing Assets/Textures/kirbyface.06.png using Guid(9350345b7d53b074fb7f45d05da015d1) Importer(815301076,1909f56bfc062723c751e8b465ee728b)  -> (artifact id: '96b9268c1579851762aca9565e055af2') in 0.033297 seconds 
========================================================================
Received Import Request.
  Time since last request: 0.000030 seconds.
  path: Assets/Textures/KirbyFace_Normal.01.png
  artifactKey: Guid(d4b30093a877efb49a56f306724574bc) Importer(815301076,1909f56bfc062723c751e8b465ee728b)
Start importing Assets/Textures/KirbyFace_Normal.01.png using Guid(d4b30093a877efb49a56f306724574bc) Importer(815301076,1909f56bfc062723c751e8b465ee728b)  -> (artifact id: '16a27000837dbcf5a8621c12029012bc') in 0.025527 seconds 
========================================================================
Received Import Request.
  Time since last request: 0.000036 seconds.
  path: Assets/Textures/KirbyFace_Normal.03.png
  artifactKey: Guid(d3727f8167b1533428c74e74dad22c78) Importer(815301076,1909f56bfc062723c751e8b465ee728b)
Start importing Assets/Textures/KirbyFace_Normal.03.png using Guid(d3727f8167b1533428c74e74dad22c78) Importer(815301076,1909f56bfc062723c751e8b465ee728b)  -> (artifact id: '6cab0012dc1ee84ab37071ad482c3c7b') in 0.027696 seconds 
========================================================================
Received Import Request.
  Time since last request: 0.000053 seconds.
  path: Assets/Textures/kirbyskin00.1688951693.png
  artifactKey: Guid(8266e4567e1ae1942b70837dc364410b) Importer(815301076,1909f56bfc062723c751e8b465ee728b)
Start importing Assets/Textures/kirbyskin00.1688951693.png using Guid(8266e4567e1ae1942b70837dc364410b) Importer(815301076,1909f56bfc062723c751e8b465ee728b)  -> (artifact id: '76f1eb1ff81a5c6e6c90fe4999cb20b7') in 0.023188 seconds 
========================================================================
Received Import Request.
  Time since last request: 0.000056 seconds.
  path: Assets/Textures/kirbyskin4p._430997395(16032).png
  artifactKey: Guid(c0e7cd270e4a7b844acc8c37c986bdee) Importer(815301076,1909f56bfc062723c751e8b465ee728b)
Start importing Assets/Textures/kirbyskin4p._430997395(16032).png using Guid(c0e7cd270e4a7b844acc8c37c986bdee) Importer(815301076,1909f56bfc062723c751e8b465ee728b)  -> (artifact id: 'fb1995a194a0dceb26c7c4ea3371a3e7') in 0.027281 seconds 
========================================================================
Received Import Request.
  Time since last request: 0.000036 seconds.
  path: Assets/Textures/kirbyface.03.png
  artifactKey: Guid(b80ec38d14e16f840ae0e8fdf625ef54) Importer(815301076,1909f56bfc062723c751e8b465ee728b)
Start importing Assets/Textures/kirbyface.03.png using Guid(b80ec38d14e16f840ae0e8fdf625ef54) Importer(815301076,1909f56bfc062723c751e8b465ee728b)  -> (artifact id: 'dadfb37249ba75e62ff5e855dec3f280') in 0.025241 seconds 
========================================================================
Received Import Request.
  Time since last request: 0.000074 seconds.
  path: Assets/Textures/kirbyskin2p._427196307(16032).png
  artifactKey: Guid(3d59155515185d54eb7edc69f3e0ac3e) Importer(815301076,1909f56bfc062723c751e8b465ee728b)
Start importing Assets/Textures/kirbyskin2p._427196307(16032).png using Guid(3d59155515185d54eb7edc69f3e0ac3e) Importer(815301076,1909f56bfc062723c751e8b465ee728b)  -> (artifact id: '84ae92ab5a9daa96d7219a15c992185a') in 0.012035 seconds 
========================================================================
Received Import Request.
  Time since last request: 0.000044 seconds.
  path: Assets/Textures/kirbyface.05.png
  artifactKey: Guid(7c6ea899dcfccdb4b96c8a402baf4ae0) Importer(815301076,1909f56bfc062723c751e8b465ee728b)
Start importing Assets/Textures/kirbyface.05.png using Guid(7c6ea899dcfccdb4b96c8a402baf4ae0) Importer(815301076,1909f56bfc062723c751e8b465ee728b)  -> (artifact id: '0a832fbb70c1fe697ecce786f54c7dec') in 0.030103 seconds 
========================================================================
Received Import Request.
  Time since last request: 0.000042 seconds.
  path: Assets/Textures/KirbyFace_Height.02.png
  artifactKey: Guid(e361a84ef397dd44aada9d0d43cd3c5a) Importer(815301076,1909f56bfc062723c751e8b465ee728b)
Start importing Assets/Textures/KirbyFace_Height.02.png using Guid(e361a84ef397dd44aada9d0d43cd3c5a) Importer(815301076,1909f56bfc062723c751e8b465ee728b)  -> (artifact id: '07683609f35ada7a06f4fb98fc59e5ca') in 0.031501 seconds 
========================================================================
Received Import Request.
  Time since last request: 47.115218 seconds.
  path: Assets/Kitty_HelloKitty.dae
  artifactKey: Guid(a86e4fbb74e91894fb0fbef0ffbcad70) Importer(815301076,1909f56bfc062723c751e8b465ee728b)
Start importing Assets/Kitty_HelloKitty.dae using Guid(a86e4fbb74e91894fb0fbef0ffbcad70) Importer(815301076,1909f56bfc062723c751e8b465ee728b)  -> (artifact id: '49f2a6ff65d144c34cd28e62d4ce0842') in 0.125876 seconds 
========================================================================
Received Import Request.
  Time since last request: 63.627626 seconds.
  path: Assets/Textures/HelloKitty
  artifactKey: Guid(fe55f3256b4a2064aa9ffd9852a3d2d6) Importer(815301076,1909f56bfc062723c751e8b465ee728b)
Start importing Assets/Textures/HelloKitty using Guid(fe55f3256b4a2064aa9ffd9852a3d2d6) Importer(815301076,1909f56bfc062723c751e8b465ee728b)  -> (artifact id: 'f724760a2914be415ec0854986a5d1f2') in 0.012075 seconds 
========================================================================
Received Import Request.
  Time since last request: 5.133026 seconds.
  path: Assets/Textures/HelloKitty/HelloKitty.png
  artifactKey: Guid(1ddbd17b5e9d55a4aa23917105e63c6a) Importer(815301076,1909f56bfc062723c751e8b465ee728b)
Start importing Assets/Textures/HelloKitty/HelloKitty.png using Guid(1ddbd17b5e9d55a4aa23917105e63c6a) Importer(815301076,1909f56bfc062723c751e8b465ee728b)  -> (artifact id: '8e9e78d95683da2685a8c77d23d5a837') in 0.021907 seconds 
========================================================================
Received Import Request.
  Time since last request: 35.411936 seconds.
  path: Assets/Materials/HelloKitty.mat
  artifactKey: Guid(3c8809b5d69e5264c91aa56ad3d6db9b) Importer(815301076,1909f56bfc062723c751e8b465ee728b)
Start importing Assets/Materials/HelloKitty.mat using Guid(3c8809b5d69e5264c91aa56ad3d6db9b) Importer(815301076,1909f56bfc062723c751e8b465ee728b)  -> (artifact id: '64e3a2e4c24459d69d81ab515b66f472') in 0.028700 seconds 
========================================================================
Received Import Request.
  Time since last request: 15.119650 seconds.
  path: Assets/Textures/HelloKitty/HelloKitty.png
  artifactKey: Guid(a32d1f0e12c382b479c495ece03672da) Importer(815301076,1909f56bfc062723c751e8b465ee728b)
Start importing Assets/Textures/HelloKitty/HelloKitty.png using Guid(a32d1f0e12c382b479c495ece03672da) Importer(815301076,1909f56bfc062723c751e8b465ee728b)  -> (artifact id: '48034c4405fb99bf7036813a78a5b95b') in 0.027500 seconds 
========================================================================
Received Import Request.
  Time since last request: 117.889561 seconds.
  path: Assets/Materials/KirbyFace.mat
  artifactKey: Guid(2c10ec13e25d5194c8a3f80c3c460c18) Importer(815301076,1909f56bfc062723c751e8b465ee728b)
Start importing Assets/Materials/KirbyFace.mat using Guid(2c10ec13e25d5194c8a3f80c3c460c18) Importer(815301076,1909f56bfc062723c751e8b465ee728b)  -> (artifact id: '00c23a797ecba34ceea691d61fd3ab6a') in 0.029408 seconds 
========================================================================
Received Import Request.
  Time since last request: 7.527997 seconds.
  path: Packages/com.unity.collab-proxy/Editor/PlasticSCM/Assets/Images/d_cloudbuhoshe.png
  artifactKey: Guid(dae33700bd23f76409a80bf78fdb8a42) Importer(815301076,1909f56bfc062723c751e8b465ee728b)
Start importing Packages/com.unity.collab-proxy/Editor/PlasticSCM/Assets/Images/d_cloudbuhoshe.png using Guid(dae33700bd23f76409a80bf78fdb8a42) Importer(815301076,1909f56bfc062723c751e8b465ee728b)  -> (artifact id: 'd0e359ef8e77ac3b68879517eeeef251') in 0.054873 seconds 
========================================================================
Received Import Request.
  Time since last request: 0.000034 seconds.
  path: Packages/com.unity.collab-proxy/Editor/PlasticSCM/Assets/Images/d_stevejobsbuhoshechristmas.png
  artifactKey: Guid(f008857e434b98b4eaabda1fd6af3059) Importer(815301076,1909f56bfc062723c751e8b465ee728b)
Start importing Packages/com.unity.collab-proxy/Editor/PlasticSCM/Assets/Images/d_stevejobsbuhoshechristmas.png using Guid(f008857e434b98b4eaabda1fd6af3059) Importer(815301076,1909f56bfc062723c751e8b465ee728b)  -> (artifact id: '1144eed71ff9eb7c0963a1216687cf07') in 0.049244 seconds 
========================================================================
Received Import Request.
  Time since last request: 0.000038 seconds.
  path: Packages/com.unity.collab-proxy/Editor/PlasticSCM/Assets/Images/d_expertbuhoshe.png
  artifactKey: Guid(8325d4ef0a6eb3d43952aff8a06d9f45) Importer(815301076,1909f56bfc062723c751e8b465ee728b)
Start importing Packages/com.unity.collab-proxy/Editor/PlasticSCM/Assets/Images/d_expertbuhoshe.png using Guid(8325d4ef0a6eb3d43952aff8a06d9f45) Importer(815301076,1909f56bfc062723c751e8b465ee728b)  -> (artifact id: '9521c8ea8a87659508cb434d4974bd9f') in 0.052669 seconds 
========================================================================
Received Import Request.
  Time since last request: 0.000077 seconds.
  path: Packages/com.unity.collab-proxy/Editor/PlasticSCM/Assets/Images/d_colorbuhoshe.png
  artifactKey: Guid(a04ecc9d5e12d5d449077414eb86635e) Importer(815301076,1909f56bfc062723c751e8b465ee728b)
Start importing Packages/com.unity.collab-proxy/Editor/PlasticSCM/Assets/Images/d_colorbuhoshe.png using Guid(a04ecc9d5e12d5d449077414eb86635e) Importer(815301076,1909f56bfc062723c751e8b465ee728b)  -> (artifact id: '82caad913b5c688383cd0dffd163c1d2') in 0.048204 seconds 
========================================================================
Received Import Request.
  Time since last request: 0.000032 seconds.
  path: Packages/com.unity.timeline/Editor/StyleSheets/Images/Icons/d_TimelineHeaderMarkerIcon.png
  artifactKey: Guid(4f8d98ef7dbbe3d469e14c04722cbeed) Importer(815301076,1909f56bfc062723c751e8b465ee728b)
Start importing Packages/com.unity.timeline/Editor/StyleSheets/Images/Icons/d_TimelineHeaderMarkerIcon.png using Guid(4f8d98ef7dbbe3d469e14c04722cbeed) Importer(815301076,1909f56bfc062723c751e8b465ee728b)  -> (artifact id: 'f96f55067cc8d47fabba7481a853845c') in 0.036024 seconds 
========================================================================
Received Import Request.
  Time since last request: 0.000029 seconds.
  path: Packages/com.unity.collab-proxy/Editor/PlasticSCM/Assets/Images/iconcheckedoutlocaloverlay@2x.png
  artifactKey: Guid(3999034958d54364da380a8839a11050) Importer(815301076,1909f56bfc062723c751e8b465ee728b)
Start importing Packages/com.unity.collab-proxy/Editor/PlasticSCM/Assets/Images/iconcheckedoutlocaloverlay@2x.png using Guid(3999034958d54364da380a8839a11050) Importer(815301076,1909f56bfc062723c751e8b465ee728b)  -> (artifact id: '3033c6b272ac26cbc773ebeb04ef4c04') in 0.035305 seconds 
========================================================================
Received Import Request.
  Time since last request: 0.000058 seconds.
  path: Packages/com.unity.collab-proxy/Editor/PlasticSCM/Assets/Images/d_genericbuhoshe3.png
  artifactKey: Guid(9bb60d9b0987c3747b57516cc172d0c7) Importer(815301076,1909f56bfc062723c751e8b465ee728b)
Start importing Packages/com.unity.collab-proxy/Editor/PlasticSCM/Assets/Images/d_genericbuhoshe3.png using Guid(9bb60d9b0987c3747b57516cc172d0c7) Importer(815301076,1909f56bfc062723c751e8b465ee728b)  -> (artifact id: 'e6b5f9bf4d39badebc12faa78449eddb') in 0.056370 seconds 
========================================================================
Received Import Request.
  Time since last request: 0.000032 seconds.
  path: Packages/com.unity.collab-proxy/Editor/PlasticSCM/Assets/Images/d_expertbuhoshechristmas.png
  artifactKey: Guid(372e7b39fc8f34549ac25d8757965a2c) Importer(815301076,1909f56bfc062723c751e8b465ee728b)
Start importing Packages/com.unity.collab-proxy/Editor/PlasticSCM/Assets/Images/d_expertbuhoshechristmas.png using Guid(372e7b39fc8f34549ac25d8757965a2c) Importer(815301076,1909f56bfc062723c751e8b465ee728b)  -> (artifact id: '62d8e3d8f04aad8079bcc33684860db2') in 0.050319 seconds 
========================================================================
Received Import Request.
  Time since last request: 0.000057 seconds.
  path: Packages/com.unity.collab-proxy/Editor/PlasticSCM/Assets/Images/d_colorbuhoshechristmas.png
  artifactKey: Guid(ec03f79379868c642b48ae5ddc821b6d) Importer(815301076,1909f56bfc062723c751e8b465ee728b)
Start importing Packages/com.unity.collab-proxy/Editor/PlasticSCM/Assets/Images/d_colorbuhoshechristmas.png using Guid(ec03f79379868c642b48ae5ddc821b6d) Importer(815301076,1909f56bfc062723c751e8b465ee728b)  -> (artifact id: 'aaa3e143064ebb9c372d020b2005cd04') in 0.048249 seconds 
========================================================================
Received Import Request.
  Time since last request: 0.000062 seconds.
  path: Packages/com.unity.collab-proxy/Editor/PlasticSCM/Assets/Images/d_cloudbuhoshechristmas.png
  artifactKey: Guid(9c0d6ec706e01ce448aea81584af092b) Importer(815301076,1909f56bfc062723c751e8b465ee728b)
Start importing Packages/com.unity.collab-proxy/Editor/PlasticSCM/Assets/Images/d_cloudbuhoshechristmas.png using Guid(9c0d6ec706e01ce448aea81584af092b) Importer(815301076,1909f56bfc062723c751e8b465ee728b)  -> (artifact id: '523c6803bb83eda7f8a27fc3814fb95d') in 0.046562 seconds 
========================================================================
Received Import Request.
  Time since last request: 0.000058 seconds.
  path: Packages/com.unity.collab-proxy/Editor/PlasticSCM/Assets/Images/d_genericbuhoshe1.png
  artifactKey: Guid(f2901efd8bb16bc408ad37f017fbf9bc) Importer(815301076,1909f56bfc062723c751e8b465ee728b)
Start importing Packages/com.unity.collab-proxy/Editor/PlasticSCM/Assets/Images/d_genericbuhoshe1.png using Guid(f2901efd8bb16bc408ad37f017fbf9bc) Importer(815301076,1909f56bfc062723c751e8b465ee728b)  -> (artifact id: 'c23fd67f176624ef3b0298da78d42700') in 0.053934 seconds 
========================================================================
Received Import Request.
  Time since last request: 0.000045 seconds.
  path: Packages/com.unity.collab-proxy/Editor/PlasticSCM/Assets/Images/d_genericbuhoshechristmas2.png
  artifactKey: Guid(7fd3cda14282bb7429b8eeb6c121e5bb) Importer(815301076,1909f56bfc062723c751e8b465ee728b)
Start importing Packages/com.unity.collab-proxy/Editor/PlasticSCM/Assets/Images/d_genericbuhoshechristmas2.png using Guid(7fd3cda14282bb7429b8eeb6c121e5bb) Importer(815301076,1909f56bfc062723c751e8b465ee728b)  -> (artifact id: '08c10c4fcd514a992454fc0fa0429ae6') in 0.045110 seconds 
========================================================================
Received Import Request.
  Time since last request: 0.000062 seconds.
  path: Packages/com.unity.collab-proxy/Editor/PlasticSCM/Assets/Images/iconcheckedoutlocaloverlay.png
  artifactKey: Guid(4bd47f86a00dd2b4b8ab20a11de165f6) Importer(815301076,1909f56bfc062723c751e8b465ee728b)
Start importing Packages/com.unity.collab-proxy/Editor/PlasticSCM/Assets/Images/iconcheckedoutlocaloverlay.png using Guid(4bd47f86a00dd2b4b8ab20a11de165f6) Importer(815301076,1909f56bfc062723c751e8b465ee728b)  -> (artifact id: 'd3c25cbafa7af1d1fab364c30810f2b1') in 0.037821 seconds 
========================================================================
Received Import Request.
  Time since last request: 0.000075 seconds.
  path: Packages/com.unity.collab-proxy/Editor/PlasticSCM/Assets/Images/d_genericbuhoshe2.png
  artifactKey: Guid(17035c204825f6340a252046ab6476fd) Importer(815301076,1909f56bfc062723c751e8b465ee728b)
Start importing Packages/com.unity.collab-proxy/Editor/PlasticSCM/Assets/Images/d_genericbuhoshe2.png using Guid(17035c204825f6340a252046ab6476fd) Importer(815301076,1909f56bfc062723c751e8b465ee728b)  -> (artifact id: '57c84375b0b70f487204a529d25415c4') in 0.045601 seconds 
========================================================================
Received Import Request.
  Time since last request: 0.000025 seconds.
  path: Packages/com.unity.collab-proxy/Editor/PlasticSCM/Assets/Images/d_stevejobsbuhoshe.png
  artifactKey: Guid(56e456ab0f7f79a4dbabcc9079c49a94) Importer(815301076,1909f56bfc062723c751e8b465ee728b)
Start importing Packages/com.unity.collab-proxy/Editor/PlasticSCM/Assets/Images/d_stevejobsbuhoshe.png using Guid(56e456ab0f7f79a4dbabcc9079c49a94) Importer(815301076,1909f56bfc062723c751e8b465ee728b)  -> (artifact id: '3587ba19c8e64bbbcd5f6776917265c9') in 0.057136 seconds 
========================================================================
Received Import Request.
  Time since last request: 0.000037 seconds.
  path: Packages/com.unity.collab-proxy/Editor/PlasticSCM/Assets/Images/d_iconcheckedoutlocaloverlay.png
  artifactKey: Guid(bb1928aff4fd4cf44af1f629dc14ef9b) Importer(815301076,1909f56bfc062723c751e8b465ee728b)
Start importing Packages/com.unity.collab-proxy/Editor/PlasticSCM/Assets/Images/d_iconcheckedoutlocaloverlay.png using Guid(bb1928aff4fd4cf44af1f629dc14ef9b) Importer(815301076,1909f56bfc062723c751e8b465ee728b)  -> (artifact id: '0a3a53d97b5035457dcbd3aa1c167066') in 0.038645 seconds 
========================================================================
Received Import Request.
  Time since last request: 0.000030 seconds.
  path: Packages/com.unity.collab-proxy/Editor/PlasticSCM/Assets/Images/d_iconcheckedoutlocaloverlay@2x.png
  artifactKey: Guid(8d98ab6168c3e91439339f1908b8fe97) Importer(815301076,1909f56bfc062723c751e8b465ee728b)
Start importing Packages/com.unity.collab-proxy/Editor/PlasticSCM/Assets/Images/d_iconcheckedoutlocaloverlay@2x.png using Guid(8d98ab6168c3e91439339f1908b8fe97) Importer(815301076,1909f56bfc062723c751e8b465ee728b)  -> (artifact id: '44f8e00b29a21765dbdca349c46ca08c') in 0.044456 seconds 
========================================================================
Received Import Request.
  Time since last request: 0.000037 seconds.
  path: Packages/com.unity.collab-proxy/Editor/PlasticSCM/Assets/Images/d_genericbuhoshechristmas1.png
  artifactKey: Guid(d98fbe17966d8ef449b25b99024bf36f) Importer(815301076,1909f56bfc062723c751e8b465ee728b)
Start importing Packages/com.unity.collab-proxy/Editor/PlasticSCM/Assets/Images/d_genericbuhoshechristmas1.png using Guid(d98fbe17966d8ef449b25b99024bf36f) Importer(815301076,1909f56bfc062723c751e8b465ee728b)  -> (artifact id: '42485cced6cedd9ce8d7b15e219a4a8e') in 0.054966 seconds 
========================================================================
Received Import Request.
  Time since last request: 0.000053 seconds.
  path: Packages/com.unity.collab-proxy/Editor/PlasticSCM/Assets/Images/d_genericbuhoshechristmas3.png
  artifactKey: Guid(f8c9467a892580344bb697526dac0d13) Importer(815301076,1909f56bfc062723c751e8b465ee728b)
Start importing Packages/com.unity.collab-proxy/Editor/PlasticSCM/Assets/Images/d_genericbuhoshechristmas3.png using Guid(f8c9467a892580344bb697526dac0d13) Importer(815301076,1909f56bfc062723c751e8b465ee728b)  -> (artifact id: '5c3acb3d16435734aca81af567455fb4') in 0.060783 seconds 
========================================================================
Received Import Request.
  Time since last request: 85.798784 seconds.
  path: Assets/Textures/Kirby/Materials/kirbyface.00.mat
  artifactKey: Guid(736029eb992eced46b312eec73182df2) Importer(815301076,1909f56bfc062723c751e8b465ee728b)
Start importing Assets/Textures/Kirby/Materials/kirbyface.00.mat using Guid(736029eb992eced46b312eec73182df2) Importer(815301076,1909f56bfc062723c751e8b465ee728b)  -> (artifact id: '442e724f6874235b5a2e02f142efcfe6') in 0.025546 seconds 
========================================================================
Received Import Request.
  Time since last request: 13.320256 seconds.
  path: Assets/Textures/Kirby/Materials
  artifactKey: Guid(965c6bda89ef0c34388994e11e9163ac) Importer(815301076,1909f56bfc062723c751e8b465ee728b)
Start importing Assets/Textures/Kirby/Materials using Guid(965c6bda89ef0c34388994e11e9163ac) Importer(815301076,1909f56bfc062723c751e8b465ee728b)  -> (artifact id: '17be101a4f5f3dab59fbe12d1441b2b5') in 0.015072 seconds 
========================================================================
Received Import Request.
  Time since last request: 22.148296 seconds.
  path: Assets/Scenes
  artifactKey: Guid(6ea315d0fd7389c41b19996891e99ae3) Importer(815301076,1909f56bfc062723c751e8b465ee728b)
Start importing Assets/Scenes using Guid(6ea315d0fd7389c41b19996891e99ae3) Importer(815301076,1909f56bfc062723c751e8b465ee728b)  -> (artifact id: 'bc172811d573b296104adb4d2728db37') in 0.015557 seconds 
========================================================================
Received Import Request.
  Time since last request: 128.791389 seconds.
  path: Assets/Models/Kirby.dae
  artifactKey: Guid(20f9051a16fe99f4e82f955a570067b9) Importer(815301076,1909f56bfc062723c751e8b465ee728b)
Start importing Assets/Models/Kirby.dae using Guid(20f9051a16fe99f4e82f955a570067b9) Importer(815301076,1909f56bfc062723c751e8b465ee728b)  -> (artifact id: '6ed211083678fd6f7448c2065d59842f') in 0.361128 seconds 
========================================================================
Received Import Request.
  Time since last request: 55.339251 seconds.
  path: Assets/Textures/Kirbt
  artifactKey: Guid(ad0c0f128612b8e468bd9ca860908f41) Importer(815301076,1909f56bfc062723c751e8b465ee728b)
Start importing Assets/Textures/Kirbt using Guid(ad0c0f128612b8e468bd9ca860908f41) Importer(815301076,1909f56bfc062723c751e8b465ee728b)  -> (artifact id: 'd981a20222102c859bea92111f9d2930') in 0.011657 seconds 
========================================================================
Received Import Request.
  Time since last request: 4.131776 seconds.
  path: Assets/Textures/Kirby
  artifactKey: Guid(ad0c0f128612b8e468bd9ca860908f41) Importer(815301076,1909f56bfc062723c751e8b465ee728b)
Start importing Assets/Textures/Kirby using Guid(ad0c0f128612b8e468bd9ca860908f41) Importer(815301076,1909f56bfc062723c751e8b465ee728b)  -> (artifact id: 'ceaff390435d4c0634fdbddbef0ccb81') in 0.011779 seconds 
========================================================================
Received Import Request.
  Time since last request: 41.290010 seconds.
  path: Assets/Materials/HelloKitty.mat
  artifactKey: Guid(3c8809b5d69e5264c91aa56ad3d6db9b) Importer(815301076,1909f56bfc062723c751e8b465ee728b)
Start importing Assets/Materials/HelloKitty.mat using Guid(3c8809b5d69e5264c91aa56ad3d6db9b) Importer(815301076,1909f56bfc062723c751e8b465ee728b)  -> (artifact id: '918d2038e461efd92998a5e5c6f4f708') in 0.026159 seconds 
========================================================================
Received Import Request.
  Time since last request: 12.226914 seconds.
  path: Assets/Materials/KirbyBody.mat
  artifactKey: Guid(9ddb506423c06ed428ef590570a5c992) Importer(815301076,1909f56bfc062723c751e8b465ee728b)
Start importing Assets/Materials/KirbyBody.mat using Guid(9ddb506423c06ed428ef590570a5c992) Importer(815301076,1909f56bfc062723c751e8b465ee728b)  -> (artifact id: '917c472a61f72eaf09a4aec38d774227') in 0.026364 seconds 
========================================================================
Received Import Request.
  Time since last request: 32.791221 seconds.
  path: Assets/Materials/KirbyBody.mat
  artifactKey: Guid(9ddb506423c06ed428ef590570a5c992) Importer(815301076,1909f56bfc062723c751e8b465ee728b)
Start importing Assets/Materials/KirbyBody.mat using Guid(9ddb506423c06ed428ef590570a5c992) Importer(815301076,1909f56bfc062723c751e8b465ee728b)  -> (artifact id: 'a9eedeb03b1f5f59d0b971c285f81d94') in 0.025982 seconds 
